<?xml version="1.0" encoding="UTF-8"?>
<!-- Generated by org.testng.reporters.JUnitXMLReporter -->
<testsuite hostname="DESKTOP-R6RCSAI" name="ChromeTest" tests="4" failures="1" timestamp="21 Dec 2020 13:38:15 GMT" time="46.729" errors="0">
  <testcase name="display" time="3.077" classname="Automation.Assignments.Registraion"/>
  <testcase name="display" time="2.931" classname="Automation.Assignments.Registraion"/>
  <testcase name="display" time="2.685" classname="Automation.Assignments.Registraion"/>
  <testcase name="display" time="1.694" classname="Automation.Assignments.Registraion">
    <failure type="java.lang.AssertionError" message="expected [Confirmation!] but found [Register!]">
      <![CDATA[java.lang.AssertionError: expected [Confirmation!] but found [Register!]
	at Automation.Assignments.Registraion.display(Registraion.java:65)
	at java.util.concurrent.FutureTask.run(FutureTask.java:266)
	at java.util.concurrent.ThreadPoolExecutor.runWorker(ThreadPoolExecutor.java:1149)
	at java.util.concurrent.ThreadPoolExecutor$Worker.run(ThreadPoolExecutor.java:624)
	at java.lang.Thread.run(Thread.java:748)
... Removed 21 stack frames]]>
    </failure>
  </testcase> <!-- display -->
</testsuite> <!-- ChromeTest -->
