<?xml version="1.0" encoding="UTF-8"?>
<testng-results skipped="0" failed="6" total="8" passed="2">
  <reporter-output>
  </reporter-output>
  <suite name="Suite" duration-ms="129935" started-at="2020-12-21T09:47:45Z" finished-at="2020-12-21T09:49:55Z">
    <groups>
    </groups>
    <test name="ChromeTest" duration-ms="75725" started-at="2020-12-21T09:47:45Z" finished-at="2020-12-21T09:49:01Z">
      <class name="Automation.Assignments.Registraion">
        <test-method status="PASS" signature="beforeM(java.lang.String)[pri:0, instance:Automation.Assignments.Registraion@123f1134]" name="beforeM" is-config="true" duration-ms="14857" started-at="2020-12-21T15:17:45Z" finished-at="2020-12-21T15:18:00Z">
          <params>
            <param index="0">
              <value>
                <![CDATA[Chrome]]>
              </value>
            </param>
          </params>
          <reporter-output>
          </reporter-output>
        </test-method> <!-- beforeM -->
        <test-method status="PASS" signature="display(java.lang.String, java.lang.String, java.lang.String, java.lang.String, java.lang.String)[pri:0, instance:Automation.Assignments.Registraion@123f1134]" name="display" duration-ms="4254" started-at="2020-12-21T15:18:00Z" data-provider="getTestdata" finished-at="2020-12-21T15:18:05Z">
          <params>
            <param index="0">
              <value>
                <![CDATA[Shweta]]>
              </value>
            </param>
            <param index="1">
              <value>
                <![CDATA[chougale]]>
              </value>
            </param>
            <param index="2">
              <value>
                <![CDATA[shwetachougale@gmail.com]]>
              </value>
            </param>
            <param index="3">
              <value>
                <![CDATA[shweta]]>
              </value>
            </param>
            <param index="4">
              <value>
                <![CDATA[shweta]]>
              </value>
            </param>
          </params>
          <reporter-output>
          </reporter-output>
        </test-method> <!-- display -->
        <test-method status="PASS" signature="after()[pri:0, instance:Automation.Assignments.Registraion@123f1134]" name="after" is-config="true" duration-ms="2187" started-at="2020-12-21T15:18:05Z" finished-at="2020-12-21T15:18:07Z">
          <reporter-output>
          </reporter-output>
        </test-method> <!-- after -->
        <test-method status="PASS" signature="beforeM(java.lang.String)[pri:0, instance:Automation.Assignments.Registraion@123f1134]" name="beforeM" is-config="true" duration-ms="10425" started-at="2020-12-21T15:18:07Z" finished-at="2020-12-21T15:18:17Z">
          <params>
            <param index="0">
              <value>
                <![CDATA[Chrome]]>
              </value>
            </param>
          </params>
          <reporter-output>
          </reporter-output>
        </test-method> <!-- beforeM -->
        <test-method status="FAIL" signature="display(java.lang.String, java.lang.String, java.lang.String, java.lang.String, java.lang.String)[pri:0, instance:Automation.Assignments.Registraion@123f1134]" name="display" duration-ms="2736" started-at="2020-12-21T15:18:17Z" data-provider="getTestdata" finished-at="2020-12-21T15:18:20Z">
          <params>
            <param index="0">
              <value>
                <![CDATA[Pallavi]]>
              </value>
            </param>
            <param index="1">
              <value>
                <![CDATA[chougale]]>
              </value>
            </param>
            <param index="2">
              <value>
                <![CDATA[]]>
              </value>
            </param>
            <param index="3">
              <value>
                <![CDATA[pallavi]]>
              </value>
            </param>
            <param index="4">
              <value>
                <![CDATA[pallavi]]>
              </value>
            </param>
          </params>
          <exception class="java.lang.AssertionError">
            <message>
              <![CDATA[expected [Confirmation!] but found [Register!]]]>
            </message>
            <full-stacktrace>
              <![CDATA[java.lang.AssertionError: expected [Confirmation!] but found [Register!]
	at org.testng.Assert.fail(Assert.java:94)
	at org.testng.Assert.failNotEquals(Assert.java:494)
	at org.testng.Assert.assertEquals(Assert.java:123)
	at org.testng.Assert.assertEquals(Assert.java:176)
	at org.testng.Assert.assertEquals(Assert.java:186)
	at Automation.Assignments.Registraion.display(Registraion.java:76)
	at sun.reflect.NativeMethodAccessorImpl.invoke0(Native Method)
	at sun.reflect.NativeMethodAccessorImpl.invoke(NativeMethodAccessorImpl.java:62)
	at sun.reflect.DelegatingMethodAccessorImpl.invoke(DelegatingMethodAccessorImpl.java:43)
	at java.lang.reflect.Method.invoke(Method.java:498)
	at org.testng.internal.MethodInvocationHelper.invokeMethod(MethodInvocationHelper.java:80)
	at org.testng.internal.Invoker.invokeMethod(Invoker.java:714)
	at org.testng.internal.Invoker.invokeTestMethod(Invoker.java:901)
	at org.testng.internal.Invoker.invokeTestMethods(Invoker.java:1231)
	at org.testng.internal.TestMethodWorker.invokeTestMethods(TestMethodWorker.java:127)
	at org.testng.internal.TestMethodWorker.run(TestMethodWorker.java:111)
	at org.testng.TestRunner.privateRun(TestRunner.java:767)
	at org.testng.TestRunner.run(TestRunner.java:617)
	at org.testng.SuiteRunner.runTest(SuiteRunner.java:334)
	at org.testng.SuiteRunner.access$000(SuiteRunner.java:37)
	at org.testng.SuiteRunner$SuiteWorker.run(SuiteRunner.java:368)
	at org.testng.internal.thread.ThreadUtil$2.call(ThreadUtil.java:64)
	at java.util.concurrent.FutureTask.run(FutureTask.java:266)
	at java.util.concurrent.ThreadPoolExecutor.runWorker(ThreadPoolExecutor.java:1149)
	at java.util.concurrent.ThreadPoolExecutor$Worker.run(ThreadPoolExecutor.java:624)
	at java.lang.Thread.run(Thread.java:748)
]]>
            </full-stacktrace>
          </exception> <!-- java.lang.AssertionError -->
          <reporter-output>
          </reporter-output>
        </test-method> <!-- display -->
        <test-method status="PASS" signature="after()[pri:0, instance:Automation.Assignments.Registraion@123f1134]" name="after" is-config="true" duration-ms="1634" started-at="2020-12-21T15:18:20Z" finished-at="2020-12-21T15:18:22Z">
          <reporter-output>
          </reporter-output>
        </test-method> <!-- after -->
        <test-method status="PASS" signature="beforeM(java.lang.String)[pri:0, instance:Automation.Assignments.Registraion@123f1134]" name="beforeM" is-config="true" duration-ms="16419" started-at="2020-12-21T15:18:22Z" finished-at="2020-12-21T15:18:38Z">
          <params>
            <param index="0">
              <value>
                <![CDATA[Chrome]]>
              </value>
            </param>
          </params>
          <reporter-output>
          </reporter-output>
        </test-method> <!-- beforeM -->
        <test-method status="FAIL" signature="display(java.lang.String, java.lang.String, java.lang.String, java.lang.String, java.lang.String)[pri:0, instance:Automation.Assignments.Registraion@123f1134]" name="display" duration-ms="2288" started-at="2020-12-21T15:18:38Z" data-provider="getTestdata" finished-at="2020-12-21T15:18:40Z">
          <params>
            <param index="0">
              <value>
                <![CDATA[Asha]]>
              </value>
            </param>
            <param index="1">
              <value>
                <![CDATA[]]>
              </value>
            </param>
            <param index="2">
              <value>
                <![CDATA[AshaPasle@gmail]]>
              </value>
            </param>
            <param index="3">
              <value>
                <![CDATA[Asha]]>
              </value>
            </param>
            <param index="4">
              <value>
                <![CDATA[Asha]]>
              </value>
            </param>
          </params>
          <exception class="java.lang.AssertionError">
            <message>
              <![CDATA[expected [Confirmation!] but found [Register!]]]>
            </message>
            <full-stacktrace>
              <![CDATA[java.lang.AssertionError: expected [Confirmation!] but found [Register!]
	at org.testng.Assert.fail(Assert.java:94)
	at org.testng.Assert.failNotEquals(Assert.java:494)
	at org.testng.Assert.assertEquals(Assert.java:123)
	at org.testng.Assert.assertEquals(Assert.java:176)
	at org.testng.Assert.assertEquals(Assert.java:186)
	at Automation.Assignments.Registraion.display(Registraion.java:76)
	at sun.reflect.NativeMethodAccessorImpl.invoke0(Native Method)
	at sun.reflect.NativeMethodAccessorImpl.invoke(NativeMethodAccessorImpl.java:62)
	at sun.reflect.DelegatingMethodAccessorImpl.invoke(DelegatingMethodAccessorImpl.java:43)
	at java.lang.reflect.Method.invoke(Method.java:498)
	at org.testng.internal.MethodInvocationHelper.invokeMethod(MethodInvocationHelper.java:80)
	at org.testng.internal.Invoker.invokeMethod(Invoker.java:714)
	at org.testng.internal.Invoker.invokeTestMethod(Invoker.java:901)
	at org.testng.internal.Invoker.invokeTestMethods(Invoker.java:1231)
	at org.testng.internal.TestMethodWorker.invokeTestMethods(TestMethodWorker.java:127)
	at org.testng.internal.TestMethodWorker.run(TestMethodWorker.java:111)
	at org.testng.TestRunner.privateRun(TestRunner.java:767)
	at org.testng.TestRunner.run(TestRunner.java:617)
	at org.testng.SuiteRunner.runTest(SuiteRunner.java:334)
	at org.testng.SuiteRunner.access$000(SuiteRunner.java:37)
	at org.testng.SuiteRunner$SuiteWorker.run(SuiteRunner.java:368)
	at org.testng.internal.thread.ThreadUtil$2.call(ThreadUtil.java:64)
	at java.util.concurrent.FutureTask.run(FutureTask.java:266)
	at java.util.concurrent.ThreadPoolExecutor.runWorker(ThreadPoolExecutor.java:1149)
	at java.util.concurrent.ThreadPoolExecutor$Worker.run(ThreadPoolExecutor.java:624)
	at java.lang.Thread.run(Thread.java:748)
]]>
            </full-stacktrace>
          </exception> <!-- java.lang.AssertionError -->
          <reporter-output>
          </reporter-output>
        </test-method> <!-- display -->
        <test-method status="PASS" signature="after()[pri:0, instance:Automation.Assignments.Registraion@123f1134]" name="after" is-config="true" duration-ms="7346" started-at="2020-12-21T15:18:40Z" finished-at="2020-12-21T15:18:48Z">
          <reporter-output>
          </reporter-output>
        </test-method> <!-- after -->
        <test-method status="PASS" signature="beforeM(java.lang.String)[pri:0, instance:Automation.Assignments.Registraion@123f1134]" name="beforeM" is-config="true" duration-ms="11483" started-at="2020-12-21T15:18:48Z" finished-at="2020-12-21T15:18:59Z">
          <params>
            <param index="0">
              <value>
                <![CDATA[Chrome]]>
              </value>
            </param>
          </params>
          <reporter-output>
          </reporter-output>
        </test-method> <!-- beforeM -->
        <test-method status="FAIL" signature="display(java.lang.String, java.lang.String, java.lang.String, java.lang.String, java.lang.String)[pri:0, instance:Automation.Assignments.Registraion@123f1134]" name="display" duration-ms="1913" started-at="2020-12-21T15:18:59Z" data-provider="getTestdata" finished-at="2020-12-21T15:19:01Z">
          <params>
            <param index="0">
              <value>
                <![CDATA[Snehal]]>
              </value>
            </param>
            <param index="1">
              <value>
                <![CDATA[Dhavale]]>
              </value>
            </param>
            <param index="2">
              <value>
                <![CDATA[Snehal]]>
              </value>
            </param>
            <param index="3">
              <value>
                <![CDATA[Snehal]]>
              </value>
            </param>
            <param index="4">
              <value>
                <![CDATA[]]>
              </value>
            </param>
          </params>
          <exception class="java.lang.AssertionError">
            <message>
              <![CDATA[expected [Confirmation!] but found [Register!]]]>
            </message>
            <full-stacktrace>
              <![CDATA[java.lang.AssertionError: expected [Confirmation!] but found [Register!]
	at org.testng.Assert.fail(Assert.java:94)
	at org.testng.Assert.failNotEquals(Assert.java:494)
	at org.testng.Assert.assertEquals(Assert.java:123)
	at org.testng.Assert.assertEquals(Assert.java:176)
	at org.testng.Assert.assertEquals(Assert.java:186)
	at Automation.Assignments.Registraion.display(Registraion.java:76)
	at sun.reflect.NativeMethodAccessorImpl.invoke0(Native Method)
	at sun.reflect.NativeMethodAccessorImpl.invoke(NativeMethodAccessorImpl.java:62)
	at sun.reflect.DelegatingMethodAccessorImpl.invoke(DelegatingMethodAccessorImpl.java:43)
	at java.lang.reflect.Method.invoke(Method.java:498)
	at org.testng.internal.MethodInvocationHelper.invokeMethod(MethodInvocationHelper.java:80)
	at org.testng.internal.Invoker.invokeMethod(Invoker.java:714)
	at org.testng.internal.Invoker.invokeTestMethod(Invoker.java:901)
	at org.testng.internal.Invoker.invokeTestMethods(Invoker.java:1231)
	at org.testng.internal.TestMethodWorker.invokeTestMethods(TestMethodWorker.java:127)
	at org.testng.internal.TestMethodWorker.run(TestMethodWorker.java:111)
	at org.testng.TestRunner.privateRun(TestRunner.java:767)
	at org.testng.TestRunner.run(TestRunner.java:617)
	at org.testng.SuiteRunner.runTest(SuiteRunner.java:334)
	at org.testng.SuiteRunner.access$000(SuiteRunner.java:37)
	at org.testng.SuiteRunner$SuiteWorker.run(SuiteRunner.java:368)
	at org.testng.internal.thread.ThreadUtil$2.call(ThreadUtil.java:64)
	at java.util.concurrent.FutureTask.run(FutureTask.java:266)
	at java.util.concurrent.ThreadPoolExecutor.runWorker(ThreadPoolExecutor.java:1149)
	at java.util.concurrent.ThreadPoolExecutor$Worker.run(ThreadPoolExecutor.java:624)
	at java.lang.Thread.run(Thread.java:748)
]]>
            </full-stacktrace>
          </exception> <!-- java.lang.AssertionError -->
          <reporter-output>
          </reporter-output>
        </test-method> <!-- display -->
        <test-method status="PASS" signature="after()[pri:0, instance:Automation.Assignments.Registraion@123f1134]" name="after" is-config="true" duration-ms="107" started-at="2020-12-21T15:19:01Z" finished-at="2020-12-21T15:19:01Z">
          <reporter-output>
          </reporter-output>
        </test-method> <!-- after -->
      </class> <!-- Automation.Assignments.Registraion -->
    </test> <!-- ChromeTest -->
    <test name="FireFoxTest" duration-ms="129935" started-at="2020-12-21T09:47:45Z" finished-at="2020-12-21T09:49:55Z">
      <class name="Automation.Assignments.Registraion">
        <test-method status="PASS" signature="beforeM(java.lang.String)[pri:0, instance:Automation.Assignments.Registraion@23282c25]" name="beforeM" is-config="true" duration-ms="52837" started-at="2020-12-21T15:17:45Z" finished-at="2020-12-21T15:18:38Z">
          <params>
            <param index="0">
              <value>
                <![CDATA[Firefox]]>
              </value>
            </param>
          </params>
          <reporter-output>
          </reporter-output>
        </test-method> <!-- beforeM -->
        <test-method status="PASS" signature="display(java.lang.String, java.lang.String, java.lang.String, java.lang.String, java.lang.String)[pri:0, instance:Automation.Assignments.Registraion@23282c25]" name="display" duration-ms="3238" started-at="2020-12-21T15:18:38Z" data-provider="getTestdata" finished-at="2020-12-21T15:18:42Z">
          <params>
            <param index="0">
              <value>
                <![CDATA[Shweta]]>
              </value>
            </param>
            <param index="1">
              <value>
                <![CDATA[chougale]]>
              </value>
            </param>
            <param index="2">
              <value>
                <![CDATA[shwetachougale@gmail.com]]>
              </value>
            </param>
            <param index="3">
              <value>
                <![CDATA[shweta]]>
              </value>
            </param>
            <param index="4">
              <value>
                <![CDATA[shweta]]>
              </value>
            </param>
          </params>
          <reporter-output>
          </reporter-output>
        </test-method> <!-- display -->
        <test-method status="PASS" signature="after()[pri:0, instance:Automation.Assignments.Registraion@23282c25]" name="after" is-config="true" duration-ms="9576" started-at="2020-12-21T15:18:42Z" finished-at="2020-12-21T15:18:51Z">
          <reporter-output>
          </reporter-output>
        </test-method> <!-- after -->
        <test-method status="PASS" signature="beforeM(java.lang.String)[pri:0, instance:Automation.Assignments.Registraion@23282c25]" name="beforeM" is-config="true" duration-ms="18596" started-at="2020-12-21T15:18:51Z" finished-at="2020-12-21T15:19:10Z">
          <params>
            <param index="0">
              <value>
                <![CDATA[Firefox]]>
              </value>
            </param>
          </params>
          <reporter-output>
          </reporter-output>
        </test-method> <!-- beforeM -->
        <test-method status="FAIL" signature="display(java.lang.String, java.lang.String, java.lang.String, java.lang.String, java.lang.String)[pri:0, instance:Automation.Assignments.Registraion@23282c25]" name="display" duration-ms="1291" started-at="2020-12-21T15:19:10Z" data-provider="getTestdata" finished-at="2020-12-21T15:19:11Z">
          <params>
            <param index="0">
              <value>
                <![CDATA[Pallavi]]>
              </value>
            </param>
            <param index="1">
              <value>
                <![CDATA[chougale]]>
              </value>
            </param>
            <param index="2">
              <value>
                <![CDATA[]]>
              </value>
            </param>
            <param index="3">
              <value>
                <![CDATA[pallavi]]>
              </value>
            </param>
            <param index="4">
              <value>
                <![CDATA[pallavi]]>
              </value>
            </param>
          </params>
          <exception class="java.lang.AssertionError">
            <message>
              <![CDATA[expected [Confirmation!] but found [Register!]]]>
            </message>
            <full-stacktrace>
              <![CDATA[java.lang.AssertionError: expected [Confirmation!] but found [Register!]
	at org.testng.Assert.fail(Assert.java:94)
	at org.testng.Assert.failNotEquals(Assert.java:494)
	at org.testng.Assert.assertEquals(Assert.java:123)
	at org.testng.Assert.assertEquals(Assert.java:176)
	at org.testng.Assert.assertEquals(Assert.java:186)
	at Automation.Assignments.Registraion.display(Registraion.java:76)
	at sun.reflect.NativeMethodAccessorImpl.invoke0(Native Method)
	at sun.reflect.NativeMethodAccessorImpl.invoke(NativeMethodAccessorImpl.java:62)
	at sun.reflect.DelegatingMethodAccessorImpl.invoke(DelegatingMethodAccessorImpl.java:43)
	at java.lang.reflect.Method.invoke(Method.java:498)
	at org.testng.internal.MethodInvocationHelper.invokeMethod(MethodInvocationHelper.java:80)
	at org.testng.internal.Invoker.invokeMethod(Invoker.java:714)
	at org.testng.internal.Invoker.invokeTestMethod(Invoker.java:901)
	at org.testng.internal.Invoker.invokeTestMethods(Invoker.java:1231)
	at org.testng.internal.TestMethodWorker.invokeTestMethods(TestMethodWorker.java:127)
	at org.testng.internal.TestMethodWorker.run(TestMethodWorker.java:111)
	at org.testng.TestRunner.privateRun(TestRunner.java:767)
	at org.testng.TestRunner.run(TestRunner.java:617)
	at org.testng.SuiteRunner.runTest(SuiteRunner.java:334)
	at org.testng.SuiteRunner.access$000(SuiteRunner.java:37)
	at org.testng.SuiteRunner$SuiteWorker.run(SuiteRunner.java:368)
	at org.testng.internal.thread.ThreadUtil$2.call(ThreadUtil.java:64)
	at java.util.concurrent.FutureTask.run(FutureTask.java:266)
	at java.util.concurrent.ThreadPoolExecutor.runWorker(ThreadPoolExecutor.java:1149)
	at java.util.concurrent.ThreadPoolExecutor$Worker.run(ThreadPoolExecutor.java:624)
	at java.lang.Thread.run(Thread.java:748)
]]>
            </full-stacktrace>
          </exception> <!-- java.lang.AssertionError -->
          <reporter-output>
          </reporter-output>
        </test-method> <!-- display -->
        <test-method status="PASS" signature="after()[pri:0, instance:Automation.Assignments.Registraion@23282c25]" name="after" is-config="true" duration-ms="2901" started-at="2020-12-21T15:19:11Z" finished-at="2020-12-21T15:19:14Z">
          <reporter-output>
          </reporter-output>
        </test-method> <!-- after -->
        <test-method status="PASS" signature="beforeM(java.lang.String)[pri:0, instance:Automation.Assignments.Registraion@23282c25]" name="beforeM" is-config="true" duration-ms="16195" started-at="2020-12-21T15:19:14Z" finished-at="2020-12-21T15:19:30Z">
          <params>
            <param index="0">
              <value>
                <![CDATA[Firefox]]>
              </value>
            </param>
          </params>
          <reporter-output>
          </reporter-output>
        </test-method> <!-- beforeM -->
        <test-method status="FAIL" signature="display(java.lang.String, java.lang.String, java.lang.String, java.lang.String, java.lang.String)[pri:0, instance:Automation.Assignments.Registraion@23282c25]" name="display" duration-ms="1089" started-at="2020-12-21T15:19:30Z" data-provider="getTestdata" finished-at="2020-12-21T15:19:31Z">
          <params>
            <param index="0">
              <value>
                <![CDATA[Asha]]>
              </value>
            </param>
            <param index="1">
              <value>
                <![CDATA[]]>
              </value>
            </param>
            <param index="2">
              <value>
                <![CDATA[AshaPasle@gmail]]>
              </value>
            </param>
            <param index="3">
              <value>
                <![CDATA[Asha]]>
              </value>
            </param>
            <param index="4">
              <value>
                <![CDATA[Asha]]>
              </value>
            </param>
          </params>
          <exception class="java.lang.AssertionError">
            <message>
              <![CDATA[expected [Confirmation!] but found [Register!]]]>
            </message>
            <full-stacktrace>
              <![CDATA[java.lang.AssertionError: expected [Confirmation!] but found [Register!]
	at org.testng.Assert.fail(Assert.java:94)
	at org.testng.Assert.failNotEquals(Assert.java:494)
	at org.testng.Assert.assertEquals(Assert.java:123)
	at org.testng.Assert.assertEquals(Assert.java:176)
	at org.testng.Assert.assertEquals(Assert.java:186)
	at Automation.Assignments.Registraion.display(Registraion.java:76)
	at sun.reflect.NativeMethodAccessorImpl.invoke0(Native Method)
	at sun.reflect.NativeMethodAccessorImpl.invoke(NativeMethodAccessorImpl.java:62)
	at sun.reflect.DelegatingMethodAccessorImpl.invoke(DelegatingMethodAccessorImpl.java:43)
	at java.lang.reflect.Method.invoke(Method.java:498)
	at org.testng.internal.MethodInvocationHelper.invokeMethod(MethodInvocationHelper.java:80)
	at org.testng.internal.Invoker.invokeMethod(Invoker.java:714)
	at org.testng.internal.Invoker.invokeTestMethod(Invoker.java:901)
	at org.testng.internal.Invoker.invokeTestMethods(Invoker.java:1231)
	at org.testng.internal.TestMethodWorker.invokeTestMethods(TestMethodWorker.java:127)
	at org.testng.internal.TestMethodWorker.run(TestMethodWorker.java:111)
	at org.testng.TestRunner.privateRun(TestRunner.java:767)
	at org.testng.TestRunner.run(TestRunner.java:617)
	at org.testng.SuiteRunner.runTest(SuiteRunner.java:334)
	at org.testng.SuiteRunner.access$000(SuiteRunner.java:37)
	at org.testng.SuiteRunner$SuiteWorker.run(SuiteRunner.java:368)
	at org.testng.internal.thread.ThreadUtil$2.call(ThreadUtil.java:64)
	at java.util.concurrent.FutureTask.run(FutureTask.java:266)
	at java.util.concurrent.ThreadPoolExecutor.runWorker(ThreadPoolExecutor.java:1149)
	at java.util.concurrent.ThreadPoolExecutor$Worker.run(ThreadPoolExecutor.java:624)
	at java.lang.Thread.run(Thread.java:748)
]]>
            </full-stacktrace>
          </exception> <!-- java.lang.AssertionError -->
          <reporter-output>
          </reporter-output>
        </test-method> <!-- display -->
        <test-method status="PASS" signature="after()[pri:0, instance:Automation.Assignments.Registraion@23282c25]" name="after" is-config="true" duration-ms="3577" started-at="2020-12-21T15:19:31Z" finished-at="2020-12-21T15:19:35Z">
          <reporter-output>
          </reporter-output>
        </test-method> <!-- after -->
        <test-method status="PASS" signature="beforeM(java.lang.String)[pri:0, instance:Automation.Assignments.Registraion@23282c25]" name="beforeM" is-config="true" duration-ms="16401" started-at="2020-12-21T15:19:35Z" finished-at="2020-12-21T15:19:51Z">
          <params>
            <param index="0">
              <value>
                <![CDATA[Firefox]]>
              </value>
            </param>
          </params>
          <reporter-output>
          </reporter-output>
        </test-method> <!-- beforeM -->
        <test-method status="FAIL" signature="display(java.lang.String, java.lang.String, java.lang.String, java.lang.String, java.lang.String)[pri:0, instance:Automation.Assignments.Registraion@23282c25]" name="display" duration-ms="991" started-at="2020-12-21T15:19:51Z" data-provider="getTestdata" finished-at="2020-12-21T15:19:52Z">
          <params>
            <param index="0">
              <value>
                <![CDATA[Snehal]]>
              </value>
            </param>
            <param index="1">
              <value>
                <![CDATA[Dhavale]]>
              </value>
            </param>
            <param index="2">
              <value>
                <![CDATA[Snehal]]>
              </value>
            </param>
            <param index="3">
              <value>
                <![CDATA[Snehal]]>
              </value>
            </param>
            <param index="4">
              <value>
                <![CDATA[]]>
              </value>
            </param>
          </params>
          <exception class="java.lang.AssertionError">
            <message>
              <![CDATA[expected [Confirmation!] but found [Register!]]]>
            </message>
            <full-stacktrace>
              <![CDATA[java.lang.AssertionError: expected [Confirmation!] but found [Register!]
	at org.testng.Assert.fail(Assert.java:94)
	at org.testng.Assert.failNotEquals(Assert.java:494)
	at org.testng.Assert.assertEquals(Assert.java:123)
	at org.testng.Assert.assertEquals(Assert.java:176)
	at org.testng.Assert.assertEquals(Assert.java:186)
	at Automation.Assignments.Registraion.display(Registraion.java:76)
	at sun.reflect.NativeMethodAccessorImpl.invoke0(Native Method)
	at sun.reflect.NativeMethodAccessorImpl.invoke(NativeMethodAccessorImpl.java:62)
	at sun.reflect.DelegatingMethodAccessorImpl.invoke(DelegatingMethodAccessorImpl.java:43)
	at java.lang.reflect.Method.invoke(Method.java:498)
	at org.testng.internal.MethodInvocationHelper.invokeMethod(MethodInvocationHelper.java:80)
	at org.testng.internal.Invoker.invokeMethod(Invoker.java:714)
	at org.testng.internal.Invoker.invokeTestMethod(Invoker.java:901)
	at org.testng.internal.Invoker.invokeTestMethods(Invoker.java:1231)
	at org.testng.internal.TestMethodWorker.invokeTestMethods(TestMethodWorker.java:127)
	at org.testng.internal.TestMethodWorker.run(TestMethodWorker.java:111)
	at org.testng.TestRunner.privateRun(TestRunner.java:767)
	at org.testng.TestRunner.run(TestRunner.java:617)
	at org.testng.SuiteRunner.runTest(SuiteRunner.java:334)
	at org.testng.SuiteRunner.access$000(SuiteRunner.java:37)
	at org.testng.SuiteRunner$SuiteWorker.run(SuiteRunner.java:368)
	at org.testng.internal.thread.ThreadUtil$2.call(ThreadUtil.java:64)
	at java.util.concurrent.FutureTask.run(FutureTask.java:266)
	at java.util.concurrent.ThreadPoolExecutor.runWorker(ThreadPoolExecutor.java:1149)
	at java.util.concurrent.ThreadPoolExecutor$Worker.run(ThreadPoolExecutor.java:624)
	at java.lang.Thread.run(Thread.java:748)
]]>
            </full-stacktrace>
          </exception> <!-- java.lang.AssertionError -->
          <reporter-output>
          </reporter-output>
        </test-method> <!-- display -->
        <test-method status="PASS" signature="after()[pri:0, instance:Automation.Assignments.Registraion@23282c25]" name="after" is-config="true" duration-ms="3163" started-at="2020-12-21T15:19:52Z" finished-at="2020-12-21T15:19:55Z">
          <reporter-output>
          </reporter-output>
        </test-method> <!-- after -->
      </class> <!-- Automation.Assignments.Registraion -->
    </test> <!-- FireFoxTest -->
  </suite> <!-- Suite -->
</testng-results>
